...............................
le nouveau produit est : 1 Les recettes de l'atelier
le nouveau produit est : 2 Précieux lait fondant
le nouveau produit est : 3 Chocolat noir fève de cacao
le nouveau produit est : 4 Force noire 50 % chocolat noir
le nouveau produit est : 5 Chocolat noir
le nouveau produit est : 6 Chocolat blanc noix de coco pétales de maïs
le nouveau produit est : 7 Choco. stevia Negro / Menta 35 Gramos Torras
le nouveau produit est : 8 Melto
le nouveau produit est : 9 Tè Matcha
le nouveau produit est : 10 Lindor Noir 60%
le nouveau produit est : 11 Chocolat Lait Grand Cru Sambirano 50%
le nouveau produit est : 12 Chocolat BELÖNING
le nouveau produit est : 13 Chocolate blanco con fresas
le nouveau produit est : 14 côté d'or
le nouveau produit est : 15 Chocolat lait
le nouveau produit est : 16 Œuf surprise Barby
le nouveau produit est : 17 Tableta Chocolate
le nouveau produit est : 18 Chocolate Schogetten Caramel Brownie
le nouveau produit est : 19 St-Domingue Grand Cru
...............................
le nouveau produit est : 1 suprema
le nouveau produit est : 2 Pâte à tartiner
le nouveau produit est : 3 Pate à tartiner à l’huile d’olive
le nouveau produit est : 4 Nutella
le nouveau produit est : 5 
le nouveau produit est : 6 Tartine noisette
le nouveau produit est : 7 Pate à tartiner
le nouveau produit est : 8 Nutella
le nouveau produit est : 9 Pâte à tartiner noisettes
le nouveau produit est : 10 Pâte à Tartiner Noir Noisettes
le nouveau produit est : 11 Pâte à tartiner sans huile de palme
le nouveau produit est : 12 Pâte à tartiner sans huile de palme
le nouveau produit est : 13 Pâte à tartiner pointe de sel
le nouveau produit est : 14 Pâte à tartiner sans huile de palme
le nouveau produit est : 15 Pâte à tartiner aux noisettes sans huile de palme
le nouveau produit est : 16 Pâte à tartiner aux noisettes sans huile de palme
le nouveau produit est : 17 
le nouveau produit est : 18 Pâte à tartiner
le nouveau produit est : 19 Pâte à tartiner
...............................
le nouveau produit est : 1 Bibi Cola 60ml
le nouveau produit est : 2 Coca Cola
le nouveau produit est : 3 Fanta citron frappé
le nouveau produit est : 4 Brut de pomme - fines bulles
le nouveau produit est : 5 Bionade Jengibre Naranja
le nouveau produit est : 6 Calypso
le nouveau produit est : 7 Guarana antarctica
le nouveau produit est : 8 Bitter lemon
le nouveau produit est : 9 Apibul Fruits de la Passion
le nouveau produit est : 10 Schweppes Indian Tonic
le nouveau produit est : 11 Guru bio organic
le nouveau produit est : 12 Eau finement pétillante
le nouveau produit est : 13 Original Taste
le nouveau produit est : 14 Limonade netto
le nouveau produit est : 15 Mondariz Sparkling 0,33 l - Premium Wasser
le nouveau produit est : 16 Mexican coca cola drink cola
le nouveau produit est : 17 7up free
le nouveau produit est : 18 Schweppes Agrumes
le nouveau produit est : 19 Andis kola
...............................
le nouveau produit est : 1 Yaourt fraise
le nouveau produit est : 2 Le yaourt au lait entier saveur fraise
le nouveau produit est : 3 Yaourt aux fruits mixés Fraise & framboise
le nouveau produit est : 4 Nos brassés
le nouveau produit est : 5 Le mixé au lait de brebis fraise
le nouveau produit est : 6 Yaourt aromatisé fraise Ardennes
le nouveau produit est : 7 Yahourt brassé
le nouveau produit est : 8 Yaourt Brassé Nature
le nouveau produit est : 9 Yaourt Brassé sur Lit d'abricot et Miel de Lavande
le nouveau produit est : 10 Yaourt brassé sur lit de fraises et basilic
le nouveau produit est : 11 Emmental
le nouveau produit est : 12 Yaourt Grecque Total 5% MG
le nouveau produit est : 13 Mini Mont d'Or AOP au lait cru L'ECHO DES FORETS, 24%MG
le nouveau produit est : 14 Lait de montagne (demi-écrémé)
le nouveau produit est : 15 Yaourt au lait de brebis nature 3%MG
le nouveau produit est : 16 Fromage blanc artisanal campagne
le nouveau produit est : 17 Framboise Sans Lactose
le nouveau produit est : 18 Kefir biologique
le nouveau produit est : 19 Croissance nature
...............................
le nouveau produit est : 1 Confiture de framboises
le nouveau produit est : 2 FORTE ROYAL BIO
le nouveau produit est : 3 Pâte à tartiner
le nouveau produit est : 4 Confiture artisanale de coing
le nouveau produit est : 5 Confiture de figues
le nouveau produit est : 6 Marmelade orange amère
le nouveau produit est : 7 Marmelade
le nouveau produit est : 8 belvita original petit dejeuner
le nouveau produit est : 9 Confiture 4 fruits rouges
le nouveau produit est : 10 Mix gout choco
le nouveau produit est : 11 Pâte à tartiner
le nouveau produit est : 12 Préparation pour boisson cacaotée 32% de cacao maigre
le nouveau produit est : 13 Confiture de kiwi REINE DE CORNOUAILLE
le nouveau produit est : 14 Favrichon intensément tonifiant
le nouveau produit est : 15 müesli croustillant fruits rouges
le nouveau produit est : 16 Muesli Croustillant Fruits rouges
le nouveau produit est : 17 Marmelade orange
le nouveau produit est : 18 Shoko winterzauber
le nouveau produit est : 19 Choko Noisette &quot;Pâte à tartiner&quot;
...............................
le nouveau produit est : 1 Crème fraiche épaisse
le nouveau produit est : 2 Crème fraîche épaisse entière 30℅
le nouveau produit est : 3 Crème fraîche fluide
le nouveau produit est : 4 Crème légère semi epaisse
le nouveau produit est : 5 Crème légère UHT 18% semi-épaisse
le nouveau produit est : 6 Crème Fraîche d'isigny AOP 38%
le nouveau produit est : 7 Creme fluide légère
le nouveau produit est : 8 Crème légère 18% mat gr semi épaisse
le nouveau produit est : 9 Creme Liquide 1L
le nouveau produit est : 10 Schmand 24%
le nouveau produit est : 11 Creme crue
le nouveau produit est : 12 British double cream
le nouveau produit est : 13 British extra thick single cream
le nouveau produit est : 14 Half & Half
le nouveau produit est : 15 Nata Uht Montada Azucarada Sin Lactosa
le nouveau produit est : 16 Crème fouettée
le nouveau produit est : 17 Crème Entière
le nouveau produit est : 18 Creme sucrée gourmande saveur fraise
le nouveau produit est : 19 Crème fraîche Montebourg
...............................
le nouveau produit est : 1 Carrot Soup
le nouveau produit est : 2 Velouté de Tomates
le nouveau produit est : 3 Velouté de légumes et croutons instantané
le nouveau produit est : 4 Soupe a la tomate
le nouveau produit est : 5 Super broccoli spinach & pea soup
le nouveau produit est : 6 Mouliné de 10 légumes
le nouveau produit est : 7 Doux Plaisir Potiron et Kiri
le nouveau produit est : 8 PurSoup’ Mouliné de Légumes d’Hiver
le nouveau produit est : 9 Velouté asperges
le nouveau produit est : 10 Velouté de carottes
le nouveau produit est : 11 Velouté asperges
le nouveau produit est : 12 Velouté de tomates
le nouveau produit est : 13 Soupe patate douce, carottes et fromage frais
le nouveau produit est : 14 Knorr Soupe Velouté de 12 Légumes au Fromage Frais 30cl
le nouveau produit est : 15 
le nouveau produit est : 16 Mouliné de légumes variés
le nouveau produit est : 17 Mouliné de légumes vert
le nouveau produit est : 18 Velouté de potiron à la crème fraîche
le nouveau produit est : 19 Velouté de tomates
...............................
...............................
le nouveau produit est : 1 Saveur Cream & Onion
le nouveau produit est : 2 Chips paysannes nature
le nouveau produit est : 3 Chips Pomme de terre pauvre en sel
le nouveau produit est : 4 Chips de pommes de terre assaisonnées à la sauce Worcestershire et aux tomates séchées
le nouveau produit est : 5 Tyrrell's sea salt & vinegar
le nouveau produit est : 6 Chips Poulet Roti Du Dimanche
le nouveau produit est : 7 Smoked Paprika
le nouveau produit est : 8 Sea Salt & Cider Vinegar
le nouveau produit est : 9 Chips de patate douce
le nouveau produit est : 10 Red, white & blue crisps
le nouveau produit est : 11 Furrows Sea Salted
le nouveau produit est : 12 Lightly Sea Salted
le nouveau produit est : 13 Limited Edition Black Truffle & Sea Salt Hand-Cooked English Crisps
le nouveau produit est : 14 Saveur Barbecue
le nouveau produit est : 15 Chips Paprika
le nouveau produit est : 16 Chips aux 3 pommes de terre
le nouveau produit est : 17 Chips Allumettes
le nouveau produit est : 18 Patatas Fritas Corte Rústico Sabor Jamón Vidal
le nouveau produit est : 19 Patatas Fritas Onduladas Sabor Allioli Chovi
...............................
le nouveau produit est : 1 Mini Petit Beurre Chocolat au Lait
le nouveau produit est : 2 Biscuit Oreo
le nouveau produit est : 3 Chocolat au lait avec gaufrettes
le nouveau produit est : 4 Choco Twizz
le nouveau produit est : 5 Beurrés Bretons
le nouveau produit est : 6 Oreo Brownie 154G
le nouveau produit est : 7 Palets de dame
le nouveau produit est : 8 Butter rings
le nouveau produit est : 9 Sablés d’Oelenberg
le nouveau produit est : 10 Biscuit Choco Fondant Lait sans sucres
le nouveau produit est : 11 Fourrés Chocolat-Jardin Bio
le nouveau produit est : 12 Hafer cookies
le nouveau produit est : 13 sablés épeautre Bisson
le nouveau produit est : 14 Thé
le nouveau produit est : 15 Cookies cacao et penpites de chocolat
le nouveau produit est : 16 Petit-Beurre Chocolat au Lait
le nouveau produit est : 17 Petit beurre chocolat fondant
le nouveau produit est : 18 Casse-croûte original
le nouveau produit est : 19 Mikado & GO!
...............................
le nouveau produit est : 1 Le Paris sans couenne - 25% de Sel*- 2 tr
le nouveau produit est : 2 Jambon Le Fumé au bois de chêne sans couenne - 4 tr.
le nouveau produit est : 3 Le braisé doré au four - 4tr.
le nouveau produit est : 4 Le tranché fin à l'italienne - 4tr.
le nouveau produit est : 5 J'aime le jambon - 6 tranches
le nouveau produit est : 6 Le  Paris au torchon - 25% de Sel* -6 tr.
le nouveau produit est : 7 Le torchon cuit à l'étouffée - tranches fines - 25% de sel* - 6 tranches
le nouveau produit est : 8 Le torchon cuit à l'étouffée - tranches fines - 25% de sel* - 4tr
le nouveau produit est : 9 Le torchon cuit à l'étouffée - 25% de sel*- 2 tranches
le nouveau produit est : 10 J'aime le jambon - 2 tranches
le nouveau produit est : 11 J'aime le jambon - 4 tranches
le nouveau produit est : 12 Le torchon cuit à l'étouffée tranches fines - 6 tranches fines
le nouveau produit est : 13 Le supérieur cuit à l'étouffée - tranches fines - 25% de sel* - 8 tranches
le nouveau produit est : 14 Le supérieur cuit à l'étouffée - tranches fines - 25% de sel * - 6 tranches
le nouveau produit est : 15 Le supérieur cuit à l'étouffée -25%  sel* - 4 tranches
le nouveau produit est : 16 Le supérieur cuit à l'étouffée - 25% de sel* - 2 tranches
le nouveau produit est : 17 Le rôti à la Broche, Lentement grillé - 4 tranches fines sans couenne
le nouveau produit est : 18 Recette à l'Italienne tranches fines aux herbes - 6 tranches fines
le nouveau produit est : 19 Recette à l'Italienne tranches fines nature - 6 tranches fines
...............................
le nouveau produit est : 1 Emmental Cœur de Meule
le nouveau produit est : 2 L'Emmental Français (28 % MG)
le nouveau produit est : 3 Camembert Au Barbecue
le nouveau produit est : 4 Brie pasteurisé
le nouveau produit est : 5 Auchan Bio Emmental Râpé
le nouveau produit est : 6 Bleu d'Auvergne
le nouveau produit est : 7 Fromage fondu pour croque monsieur
le nouveau produit est : 8 Chaource Aop
le nouveau produit est : 9 Emmental Français râpé (29 % MG)
le nouveau produit est : 10 Fromage râpé
le nouveau produit est : 11 Reblochon De Savoie Au Lait Cru
le nouveau produit est : 12 Emmental francais
le nouveau produit est : 13 Apėricube Le nature
le nouveau produit est : 14 Saint-Félicien - moulé à la louche - doux et crémeux
le nouveau produit est : 15 Pont L'eveque
le nouveau produit est : 16 Raclette bio
le nouveau produit est : 17 Mozzarella
le nouveau produit est : 18 Pik et kroc
le nouveau produit est : 19 Queso Emmental
...............................
le nouveau produit est : 1 moutarde de dijon leader prixe
le nouveau produit est : 2 Mostaza Antigua Eco
le nouveau produit est : 3 Moutarde de Dijon
le nouveau produit est : 4 Moutarde mi-forte, délicate
le nouveau produit est : 5 Moutarde Aux 5 Plantes
le nouveau produit est : 6 Mustard
le nouveau produit est : 7 Maille Spécialité Moutarde Fine Mi-Forte Bocal 355g
le nouveau produit est : 8 Moutarde à l'ancienne au vinaigre de cidre
le nouveau produit est : 9 French Dijon Mustard
le nouveau produit est : 10 Moutarde à La Truffe D'été
le nouveau produit est : 11 Moutarde
le nouveau produit est : 12 Moutarde au pinot noir
le nouveau produit est : 13 Wholegrain Mustard
le nouveau produit est : 14 Moutarde à l'ancienne figue
le nouveau produit est : 15 Moutarde à l'estragon
le nouveau produit est : 16 Moutarde a la mirabelle
le nouveau produit est : 17 Moutarde au miel
le nouveau produit est : 18 Moutarde de dijon
le nouveau produit est : 19 Moutarde Forte De Dijon
...............................
le nouveau produit est : 1 Morceaux de thon au naturel
le nouveau produit est : 2 Filets de maquereaux au naturel
le nouveau produit est : 3 Sardine Huile Les Dieux 3X1 / 15
le nouveau produit est : 4 Harengs fumés au bois de hêtre
le nouveau produit est : 5 Filets d'anchois sauce piquante
le nouveau produit est : 6 Crousti panés
le nouveau produit est : 7 Filets de Saumon Rose du Pacifique
le nouveau produit est : 8 Filets maquereaux tomate/basilic
le nouveau produit est : 9 Filets de harengs fumés
le nouveau produit est : 10 Filet d'anchois allongés à l'huile d'olive
le nouveau produit est : 11 Calamares en salsa americana
le nouveau produit est : 12 Saumon
le nouveau produit est : 13 Filets de Colin d'Alaska
le nouveau produit est : 14 Colin d'Alaska Sans Gluten
le nouveau produit est : 15 Dos de Cabillaud
le nouveau produit est : 16 Salmón Ahumado Martiko
le nouveau produit est : 17 CABO DE PENAS
le nouveau produit est : 18 Pompon rouge thon albacore
le nouveau produit est : 19 Rillettes de sardine à la Rochelaise
...............................
le nouveau produit est : 1 Haricots beurre
le nouveau produit est : 2 Quenelles de volaille sauce forestière
le nouveau produit est : 3 Yakisoba Bowl Yakitori 84G
le nouveau produit est : 4 Cassoulet toulousain à la graisse d'oie
le nouveau produit est : 5 Quenelles de Veau Sauce Financière
le nouveau produit est : 6 Choucroute garnie
le nouveau produit est : 7 Cassoulet au Confit de Canard 
le nouveau produit est : 8 Salade de Riz au Thon
le nouveau produit est : 9 Gratin Dauphinois
le nouveau produit est : 10 Cassoulet au confit de canard Saveurs
le nouveau produit est : 11 Riste d'aubergines
le nouveau produit est : 12 Tripes à la mode de Caen
le nouveau produit est : 13 Mogettes cuisinés à l'ancienne Saveurs
le nouveau produit est : 14 Lentilles préparées
le nouveau produit est : 15 Potée auvergnate
le nouveau produit est : 16 Blanquette de veau
le nouveau produit est : 17 Tartiflette
le nouveau produit est : 18 Chili Con Carne
le nouveau produit est : 19 Chili con carne
...............................
le nouveau produit est : 1 Blanc de poulet doré au four - 2 tranches
le nouveau produit est : 2 Filet de poulet  rôti - 25% de Sel* - 4 tranches épaisses
le nouveau produit est : 3 Blanc de poulet fumé Halal - 6 tr.
le nouveau produit est : 4 4 TRANCHES BLANC DE POULET ZERO NITRITE
le nouveau produit est : 5 Blanc de poulet Halal - 8 tranches fines
le nouveau produit est : 6 Rôti de poulet cuit 100% filet* - 4 tranches
le nouveau produit est : 7 Blanc de poulet Halal - 6tr.
le nouveau produit est : 8 Blanc de poulet Halal - 4tr.
le nouveau produit est : 9 Blanc de poulet - tranches fines - 25% de sel* - 100% filet ** -  8 tranches fines
le nouveau produit est : 10 Cordons bleus de poulet
le nouveau produit est : 11 Manchons de poulet rôtis façon mexicain
le nouveau produit est : 12 Escalope extra fine de poulet blanc
le nouveau produit est : 13 Cuisse de Poulet
le nouveau produit est : 14 Fingers de poulet
le nouveau produit est : 15 Manchons poulet nature
le nouveau produit est : 16 Wafer thin smoked chicken breast
le nouveau produit est : 17 L'escalope Cordon Bleu 3 Fromages
le nouveau produit est : 18 Aiguillette de filet de poulet
le nouveau produit est : 19 Aiguillettes Poulet fermier
...............................
le nouveau produit est : 1 Oméga 3 - Tartine et cuisson
le nouveau produit est : 2 Olio Extra Vergine di olivia Huile D'olive Vierge Extra
le nouveau produit est : 3 Oro bailen reserva familiar
le nouveau produit est : 4 Olio Extra Vergine Di Oliva
le nouveau produit est : 5 Flora Gold Margarina Terrina 250 GR
le nouveau produit est : 6 Huile d'olive vierge extra
le nouveau produit est : 7 Huile de tournesol
le nouveau produit est : 8 Aceite de oliva virgen extra
le nouveau produit est : 9 Carapelli Olio Extra Vergine Delicato
le nouveau produit est : 10 Aceite De Oliva - Virgen Extra
le nouveau produit est : 11 Huile d'olive vierge douce
le nouveau produit est : 12 Aceite de oliva virgen extra
le nouveau produit est : 13 Alpro Soja Cuire Et Rotir
le nouveau produit est : 14 Huile vierge de noix de coco bio
le nouveau produit est : 15 Huile de noix
le nouveau produit est : 16 Huile d'olive vierge extra
le nouveau produit est : 17 Huile d'olive
le nouveau produit est : 18 Huile d'olive de la vallée des Baux de Provence
le nouveau produit est : 19 Kokosöl nativ
...............................
le nouveau produit est : 1 Baguette
le nouveau produit est : 2 French baguette
le nouveau produit est : 3 Bague aux céréales
le nouveau produit est : 4 Baguettes Précuites de Campagne
le nouveau produit est : 5 Mini Baguettes
le nouveau produit est : 6 Garlic Baguette
le nouveau produit est : 7 Baguette
le nouveau produit est : 8 Baguette Tradition Française
le nouveau produit est : 9 Schar Gluten Free Baguette 175G (GF)
le nouveau produit est : 10 Baguette
le nouveau produit est : 11 Baguette
le nouveau produit est : 12 Baguette de campagne, Sélection U, 1 pièce
le nouveau produit est : 13 Baguette aux graines BIO
le nouveau produit est : 14 Pain noix et noisettes
le nouveau produit est : 15 Baguette de campagne
le nouveau produit est : 16 La Millavoise aux 6 graines
le nouveau produit est : 17 Baguette graines 250g
le nouveau produit est : 18 Baguette
le nouveau produit est : 19 Baguette Campagnarde
...............................
le nouveau produit est : 1 Yoghurt tradicional ecologico plátano
le nouveau produit est : 2 Yogur desnatado de oveja
le nouveau produit est : 3 Yogur de Cabra Ecologico
le nouveau produit est : 4 Yogur tradicional desnatado
le nouveau produit est : 5 Yogur líquido natural desnatado
le nouveau produit est : 6 Sveltesse natural
le nouveau produit est : 7 Mi primer Danone natural
le nouveau produit est : 8 Danone Vitalinea Natural Edulcorado
le nouveau produit est : 9 Yogur natural desnatado m.g. sin gluten
le nouveau produit est : 10 Vitalinea yogur cremoso natural edulcorado
le nouveau produit est : 11 
le nouveau produit est : 12 Yogurt Danone Natural
le nouveau produit est : 13 Bifidus Nature (12 x)
le nouveau produit est : 14 Yaourt nature
le nouveau produit est : 15 Activia bífidus natural desnatado 0%
le nouveau produit est : 16 Yogur griego natural sin gluten
le nouveau produit est : 17 Bífidus natural edulcorado desnatado m.g. sin gluten
le nouveau produit est : 18 Activia con bífidus naturales (natural)
le nouveau produit est : 19 
...............................
le nouveau produit est : 1 Lasagne all'uovo
le nouveau produit est : 2 Fettuccini Aux œufs frais
le nouveau produit est : 3 Girasole champignon et truffe blanche
le nouveau produit est : 4 Pâtes aux œufs frais, Spaghetti (Pâtes d'Alsace)
le nouveau produit est : 5 Zahner Gourmet Kraeuterspaetzle
le nouveau produit est : 6 Mini-coquillages, pâtes aromatisées
le nouveau produit est : 7 pâtes aux oeufs frais
le nouveau produit est : 8 Pâtes d'Alsace Spaetzle
le nouveau produit est : 9 Spaetzle pâtes d'Alsace
le nouveau produit est : 10 Spaetzle aux oeufs frais
le nouveau produit est : 11 Spaetzle aux Œufs Frais prêt à poêler
le nouveau produit est : 12 Étoile avec farce a la truffe d été
le nouveau produit est : 13 Pâtes d'Alsace Torsades (7 Œufs Frais par kilo de semoule)
le nouveau produit est : 14 Pâtes d Alsace IGP
le nouveau produit est : 15 Mini Coques
le nouveau produit est : 16 Lasagne all'uovo
le nouveau produit est : 17 Tagliatelles fraiches bio
le nouveau produit est : 18 Pâtes d'Alsace Spaetzle (7 Œufs Frais par kilo de semoule)
le nouveau produit est : 19 Nids Pates D'alsace
...............................
le nouveau produit est : 1 Pain chocolat et croissants
le nouveau produit est : 2 La Bella Easo Croissants Cereale240g
le nouveau produit est : 3 Assortiments Pians au chocolat & Croissants
le nouveau produit est : 4 Croissants Rellenos de crema de cacao y avellanas
le nouveau produit est : 5 Croissants pur beurre X4
le nouveau produit est : 6 Croissants relleno de cacao nevado
le nouveau produit est : 7 Croissants B'vegan
le nouveau produit est : 8 Croissants 3 Meuniers
le nouveau produit est : 9 Croissant beurre par 6
le nouveau produit est : 10 6 croissants
le nouveau produit est : 11 Croissants pur beurre bio
le nouveau produit est : 12 Croissant PB X 2
le nouveau produit est : 13 Croissants (x 4)
le nouveau produit est : 14 Croissants et pain au chocolats
le nouveau produit est : 15 Croissant au beurre
le nouveau produit est : 16 Croissants margarine
le nouveau produit est : 17 Bauli Croissant Classico GR. 240
le nouveau produit est : 18 Croissant x2 pur beurre
le nouveau produit est : 19 Croissant pur beurre X4
...............................
le nouveau produit est : 1 Original Swiss Style Muesli
le nouveau produit est : 2 quater oats
le nouveau produit est : 3 Corn Flakes
le nouveau produit est : 4 Mon granola bio chocolat
le nouveau produit est : 5 Muesli aux fruits
le nouveau produit est : 6 
le nouveau produit est : 7 Crousty Cao BIO
le nouveau produit est : 8 Country Crisp Bio
le nouveau produit est : 9 Granola Flocons d'avoine grillés, Copeaux de chocolat noir, Noix de coco et Graines
le nouveau produit est : 10 Suprême Muesli
le nouveau produit est : 11 Flocons de riz toastés
le nouveau produit est : 12 Céréales germées chocolat noisette
le nouveau produit est : 13 Muesli croustillant - Amandes, Noisettes, Noix de Pécan, Noix du Brésil
le nouveau produit est : 14 Muesli Fruits rouges
le nouveau produit est : 15 Petales de ble au goût cjocolat
le nouveau produit est : 16 Muesli croustillant tout chocolat bio
le nouveau produit est : 17 Flocons d'avoine
le nouveau produit est : 18 Granola Sante Czekoladowa
le nouveau produit est : 19 Flocons d'Amarante Bio 500g
...............................
...............................
le nouveau produit est : 1 Thon Bonito a L'huile
le nouveau produit est : 2 Ventresca de Bonito del norte en aceite de oliva
le nouveau produit est : 3 Thon blanc germon
le nouveau produit est : 4 Thon Blanc
le nouveau produit est : 5 Thon blanc à l'huile d'olive
le nouveau produit est : 6 Filets thon blc à l'huile olive vierge extra
le nouveau produit est : 7 Thon Blanc Germon à L'huile D'olive
le nouveau produit est : 8 Thon blanc 155g
le nouveau produit est : 9 Axoa de thon blanc
le nouveau produit est : 10 Bonito del norte bajo en sal
le nouveau produit est : 11 Thon rose (à l’eau salée)
le nouveau produit est : 12 Thon blanc huile olive
le nouveau produit est : 13 Bonito del norte en aceite de oliva
le nouveau produit est : 14 Thon blanc germon huile d olive ail
le nouveau produit est : 15 Thon blanc pêché a la ligne au naturel
le nouveau produit est : 16 Mousse de thon blanc au basilic
le nouveau produit est : 17 Thon Blanc (Véritable Germon) à l'Huile d'Olive vierge extra
le nouveau produit est : 18 Mousse de thon blanc au basilic
le nouveau produit est : 19 Thon blanc germon au naturel
...............................
le nouveau produit est : 1 Peruginra
le nouveau produit est : 2 Préparation pour boisson cacaotée 32% de cacao maigre
le nouveau produit est : 3 Dark Chocolate 72%
le nouveau produit est : 4 Chocolat Suisse Mi-amer Extra Fin 72% Cacao
le nouveau produit est : 5 Chocolat noir Orange et Amandes
le nouveau produit est : 6 Chocolat Blanc Aux Amandes
le nouveau produit est : 7 Rosemarie Harmony
le nouveau produit est : 8 Chocolat Sans Sucre Noir
le nouveau produit est : 9 Chocolat Noir Aux Feuilles De Menthe
le nouveau produit est : 10 Nestlé Dessert - Chocolat Noir Corsé
le nouveau produit est : 11 NESQUIK Poudre Cacaotée boîte
le nouveau produit est : 12 Ritter Sport Knusperflakes
le nouveau produit est : 13 NESQUIK Moins de Sucres Poudre Cacaotée boîte
le nouveau produit est : 14 Chocolat au lait fourré caramel double texture
le nouveau produit est : 15 Assortiment chocolats
le nouveau produit est : 16 Chocolat Noir 98% Équateur Madagascar
le nouveau produit est : 17 Chocolat noir 98%
le nouveau produit est : 18 Lindt Les Grandes 32% Amandes
le nouveau produit est : 19 Chocolate a la piedra
...............................
le nouveau produit est : 1 Coconut
le nouveau produit est : 2 Nutella
le nouveau produit est : 3 Nutella
le nouveau produit est : 4 Nutella
le nouveau produit est : 5 Nocciolata, pâte à tartiner au cacao et noisettes
le nouveau produit est : 6 Pâte à tartiner
le nouveau produit est : 7 Pâte à tartiner
le nouveau produit est : 8 Pâte à tartiner Choko Noir
le nouveau produit est : 9 Nutella
le nouveau produit est : 10 suprema
le nouveau produit est : 11 Pâte à tartiner
le nouveau produit est : 12 Pate à tartiner à l’huile d’olive
le nouveau produit est : 13 Nutella
le nouveau produit est : 14 
le nouveau produit est : 15 Tartine noisette
le nouveau produit est : 16 Pate à tartiner
le nouveau produit est : 17 Nutella
le nouveau produit est : 18 Pâte à tartiner noisettes
le nouveau produit est : 19 Pâte à Tartiner Noir Noisettes
...............................
le nouveau produit est : 1 Badoit
le nouveau produit est : 2 Cola
le nouveau produit est : 3 Lime drink
le nouveau produit est : 4 Limonata
le nouveau produit est : 5 Saveur agrumes
le nouveau produit est : 6 Limonade Japonaise Ramune Chandelier
le nouveau produit est : 7 Agrumes
le nouveau produit est : 8 Orange
le nouveau produit est : 9 Fanta Orange Zero Sugar
le nouveau produit est : 10 lipton
le nouveau produit est : 11 Vivi Kola Siro, Cola
le nouveau produit est : 12 Orangina
le nouveau produit est : 13 Eau pétillante citron vert/citron
le nouveau produit est : 14 CTC Ramune 200ML Yuzu Flavor
le nouveau produit est : 15 Tonic Quinine
le nouveau produit est : 16 Freeway naranja
le nouveau produit est : 17 Monster Energy Ultra
le nouveau produit est : 18 Tónica blue
le nouveau produit est : 19 Limonade bio
...............................
le nouveau produit est : 1 Panna de cucina
le nouveau produit est : 2 Lait demi ecreme
le nouveau produit est : 3 Crème Légère Condé sur Vire
le nouveau produit est : 4 Le brie
le nouveau produit est : 5 Mozzarella
le nouveau produit est : 6 Tomme des Pyrénées lait pasteurisé 28% de matière grasse
le nouveau produit est : 7 Cantal jeune AOP lait pasteurisé 28%MG
le nouveau produit est : 8 Petit Sainte Mere
le nouveau produit est : 9 Burrata
le nouveau produit est : 10 Lait frais de Normandie
le nouveau produit est : 11 Fromage Picodon AOP 26% mg
le nouveau produit est : 12 Skyr myrtille
le nouveau produit est : 13 Rik rok yaourt à boire panaché
le nouveau produit est : 14 Feuilleté de Mousse Vanille
le nouveau produit est : 15 Fourme d'ambert
le nouveau produit est : 16 H-Milch Bio Fettarm
le nouveau produit est : 17 Beurre Gastronomique motte grain de sel de mer
le nouveau produit est : 18 Ricotta Cheese 250Gr
le nouveau produit est : 19 Parmigiano Reggiano
...............................
le nouveau produit est : 1 Miel De Forêt
le nouveau produit est : 2 Myrtilles
le nouveau produit est : 3 Confiture de cerises noires ERIC BUR
le nouveau produit est : 4 Confiture fraise 35% 1Kg Ep*,
le nouveau produit est : 5 Gelee De Groseille 370G Co
le nouveau produit est : 6 Marmelade orange amere
le nouveau produit est : 7 Crema de arandano
le nouveau produit est : 8 Préparation pour boisson cacaotée 32% de cacao maigre
le nouveau produit est : 9 Marmelade orange blonde
le nouveau produit est : 10 Pâte a tartiner noisettes et cacao
le nouveau produit est : 11 Epicerie / Epicerie Sucrée / Confitures Bio
le nouveau produit est : 12 Marmelade d' oranges
le nouveau produit est : 13 Confiture myrtilles
le nouveau produit est : 14 Pate a tariner
le nouveau produit est : 15 Pur Natur Fraises 370G
le nouveau produit est : 16 Porridge 3 cereales
le nouveau produit est : 17 Miel d’acacia
le nouveau produit est : 18 Maribel mango kiwi
le nouveau produit est : 19 Confiture allégée myrtille
...............................
le nouveau produit est : 1 Crème épaisse 15% MG
le nouveau produit est : 2 Crème entière
le nouveau produit est : 3 Crème fouettée
le nouveau produit est : 4 Crème entière fluide Bio (30 % MG)
le nouveau produit est : 5 Crème entière liquide bio 30% Mat. Gr.
le nouveau produit est : 6 Crème fraîche de brebis
le nouveau produit est : 7 Creme fraiche fluide
le nouveau produit est : 8 Schlagsahne
le nouveau produit est : 9 Crème fraîche épaisse Légère 15% MG
le nouveau produit est : 10 Creme fraiche classic
le nouveau produit est : 11 Crème fraîche de Normandie (30% MG)
le nouveau produit est : 12 Emmi Schweizer Rahm
le nouveau produit est : 13 Cremefine 15  mopro
le nouveau produit est : 14 Crème fraîche épaisse entière (30 % MG)
le nouveau produit est : 15 Sin Lactosa nata líquida para cocinar
le nouveau produit est : 16 Crème Fraîche Épaisse 30%
le nouveau produit est : 17 Crème Fraîche
le nouveau produit est : 18 Crème fraiche épaisse
le nouveau produit est : 19 Crème fraîche épaisse entière 30℅
...............................
le nouveau produit est : 1 Velouté de tomates de Provence et légumes
le nouveau produit est : 2 Potiron carottes vermicelles
le nouveau produit est : 3 Velouté d'Asperges
le nouveau produit est : 4 Le velouté 7 légumes du potager
le nouveau produit est : 5 Knorr Super Soupe Légumes Duo de Lentilles
le nouveau produit est : 6 Velouté D'asperges
le nouveau produit est : 7 Tomate et vermicelles
le nouveau produit est : 8 Gaspacho
le nouveau produit est : 9 Gazpacho
le nouveau produit est : 10 Vichyssoise tarrina
le nouveau produit est : 11 Velouté de légumes
le nouveau produit est : 12 Velouté aux 7 légumes
le nouveau produit est : 13 Gaspatxo fresc suau
le nouveau produit est : 14 Sopa juliana
le nouveau produit est : 15 Velouté de potiron
le nouveau produit est : 16 Et.2x30 Mouline Legumes Verts Bio La Potagere
le nouveau produit est : 17 Velouté Carottes à la Thaïlandaise
le nouveau produit est : 18 Mouliné 7 légumes verts
le nouveau produit est : 19 Soupe aux asperges
...............................
...............................
le nouveau produit est : 1 Chips saveur Sel & Vinaigre
le nouveau produit est : 2 Chips sel et vinaigre
le nouveau produit est : 3 Chips Kettle Cooked Gaufrette Sel de Mer
le nouveau produit est : 4 Chips allumettes
le nouveau produit est : 5 Teddy original (Snack day)
le nouveau produit est : 6 Chips balsamico
le nouveau produit est : 7 Chips ketchup
le nouveau produit est : 8 Bâtonnets salés de pomme de terre
le nouveau produit est : 9 chips
le nouveau produit est : 10 Lay's Cheese
le nouveau produit est : 11 Hand-Cooked English Crisps Mature Cheddar & Chive
le nouveau produit est : 12 SAVEUR Fromage frais fines herbes
le nouveau produit est : 13 Les Classiques
le nouveau produit est : 14 Ready salted crisps
le nouveau produit est : 15 Flip Flap saveur Barbecue
le nouveau produit est : 16 Chips craquantes Moutarde & Miel
le nouveau produit est : 17 Lay's Superchips Paprika
le nouveau produit est : 18 Chips à l'Ancienne
le nouveau produit est : 19 Les natures classiques
...............................
le nouveau produit est : 1 Mikado black night
le nouveau produit est : 2 4 teens pocket
le nouveau produit est : 3 Cookies
le nouveau produit est : 4 Hellema, Fourre, Vanilla
le nouveau produit est : 5 Fourré Choco
le nouveau produit est : 6 Biscuits Fourres Fraise
le nouveau produit est : 7 Gaufrettes Citron
le nouveau produit est : 8 Boudoirs Gardeil
le nouveau produit est : 9 Biscuits Sans Sucre Citron / Yuzu
le nouveau produit est : 10 Frollini con cacao e nocciole
le nouveau produit est : 11 Crackers Huile d'olive Romarin
le nouveau produit est : 12 Trios
le nouveau produit est : 13 Gran pasticceria coconut
le nouveau produit est : 14 Oreo crispy & thin
le nouveau produit est : 15 OREO Crispy & Thin Chocolat crème
le nouveau produit est : 16 Biscuits Smile Kif Chocolat (190G)
le nouveau produit est : 17 Smile - à la créme goût noisette
le nouveau produit est : 18 Silhouette French Truffle Lined
le nouveau produit est : 19 Cantucci chocolate chips
...............................
le nouveau produit est : 1 Jambon à poêler - 2 tranches
le nouveau produit est : 2 Le Paris sans couenne - 25% de Sel* -  10 tr.
le nouveau produit est : 3 Le Paris sans couenne  - 25% de Sel* - 8 tr.
le nouveau produit est : 4 Le Paris  sans couenne - 25% de Sel*- 6 tr
le nouveau produit est : 5 Le Paris sans couenne - 25% de Sel*- 4tr
le nouveau produit est : 6 Le Paris sans couenne - 25% de Sel*- 2 tr
le nouveau produit est : 7 Jambon Le Fumé au bois de chêne sans couenne - 4 tr.
le nouveau produit est : 8 Le braisé doré au four - 4tr.
le nouveau produit est : 9 Le tranché fin à l'italienne - 4tr.
le nouveau produit est : 10 J'aime le jambon - 6 tranches
le nouveau produit est : 11 Le  Paris au torchon - 25% de Sel* -6 tr.
le nouveau produit est : 12 Le torchon cuit à l'étouffée - tranches fines - 25% de sel* - 6 tranches
le nouveau produit est : 13 Le torchon cuit à l'étouffée - tranches fines - 25% de sel* - 4tr
le nouveau produit est : 14 Le torchon cuit à l'étouffée - 25% de sel*- 2 tranches
le nouveau produit est : 15 J'aime le jambon - 2 tranches
le nouveau produit est : 16 J'aime le jambon - 4 tranches
le nouveau produit est : 17 Le torchon cuit à l'étouffée tranches fines - 6 tranches fines
le nouveau produit est : 18 Le supérieur cuit à l'étouffée - tranches fines - 25% de sel* - 8 tranches
le nouveau produit est : 19 Le supérieur cuit à l'étouffée - tranches fines - 25% de sel * - 6 tranches
...............................
le nouveau produit est : 1 Chaource
le nouveau produit est : 2 Weichkäse aus pasteurisierter, biologischer Kuhmilch, 60% Fett
le nouveau produit est : 3 Fromage allegé 14% Mag. Gr.
le nouveau produit est : 4 Reblochon
le nouveau produit est : 5 Saint-marcellin igp
le nouveau produit est : 6 Pont l'évêque au lait cru
le nouveau produit est : 7 Melbourne Cheddar
le nouveau produit est : 8 Emmental francais
le nouveau produit est : 9 Emmental français pasteurisé rapé 29% de matière grasse
le nouveau produit est : 10 Carré frais bio
le nouveau produit est : 11 L'ovale
le nouveau produit est : 12 Pointe de Brie
le nouveau produit est : 13 Emmental râpé
le nouveau produit est : 14 Brie de Meaux au lait cru
le nouveau produit est : 15 Cheddar extra mature
le nouveau produit est : 16 Le foisonné
le nouveau produit est : 17 Saint Môret leger
le nouveau produit est : 18 Roll'hop
le nouveau produit est : 19 Petit crémeux du Nord
...............................
le nouveau produit est : 1 Dijon Originale
le nouveau produit est : 2 Moutarde a l'ancienne
le nouveau produit est : 3 Moutarde
à l'ancienne
le nouveau produit est : 4 Amora Moutarde Douce Flacon Souple
le nouveau produit est : 5 Moutarde estragon
le nouveau produit est : 6 Moutarde de dijon
le nouveau produit est : 7 Moutarde au miel balsamique
le nouveau produit est : 8 Amora Moutarde de Dijon Fine et Forte Verre Tv 195g
le nouveau produit est : 9 Moutarde Douce
le nouveau produit est : 10 Moutarde
le nouveau produit est : 11 Mild Mustard
le nouveau produit est : 12 Bayerisch süßer Hausmachersenf
le nouveau produit est : 13 Moutarde au poivron et piment d'espelette
le nouveau produit est : 14 Moutarde de Dijon Bouton d'or
le nouveau produit est : 15 Moutarde à l'ancienne
le nouveau produit est : 16 moutarde citron et thym
le nouveau produit est : 17 Moutarde à la truffe
le nouveau produit est : 18 Moutarde de Normandie
le nouveau produit est : 19 Moutarde de Dijon
...............................
le nouveau produit est : 1 El Manar
le nouveau produit est : 2 Thon à L'huile D'olive Sidi Daoud (160G)
le nouveau produit est : 3 Thon en morceaux au naturel
le nouveau produit est : 4 Atún claro en aceite de oliva
le nouveau produit est : 5 Sardines in 100% olive oil
le nouveau produit est : 6 Sardines de méditerranée à l’huile d’olive vierge
le nouveau produit est : 7 Thon Blanc a L'huile D'olive
le nouveau produit est : 8 Batonnets Surimi
le nouveau produit est : 9 Batonnets de surimi
le nouveau produit est : 10 Filets Saumon rose du Pacifique MSC
le nouveau produit est : 11 Rillettes thon et citron beldi
le nouveau produit est : 12 Truite fumée BIO
le nouveau produit est : 13 Sill Dill
le nouveau produit est : 14 Le bâtonnet Moelleux - 24 bâtonnets
le nouveau produit est : 15 Le Coeur Frais Bleu onctueux  - 14 bâtonnets
le nouveau produit est : 16 Le bâtonnet Moelleux - 32 bâtonnets
le nouveau produit est : 17 Le Bâtonnet Moelleux - 18 Bâtonnets
le nouveau produit est : 18 Le bâtonnet Moelleux - 20 bâtonnets
le nouveau produit est : 19 Le bâtonnet Moelleux - 42 bâtonnets
...............................
le nouveau produit est : 1 Saucisses aux lentilles
le nouveau produit est : 2 Saucisses de canard et porc et lentilles du Berry
le nouveau produit est : 3 Risotto au confit de canard et aux cèpes
le nouveau produit est : 4 TAJINE AUX AIGUILLETTES DE CANARD ET AUX FIGUES
le nouveau produit est : 5 Saucisses de canard&porc et lentilles du Berry
le nouveau produit est : 6 Pot au feu de canard 5 légumes
le nouveau produit est : 7 Bourguignon de canard au St-Emilion
le nouveau produit est : 8 Ravioli viande boeuf halal
le nouveau produit est : 9 Cassoulet aux haricots blancs
le nouveau produit est : 10 Hühner-Nudeltopf
le nouveau produit est : 11 Linsen Eintopf
le nouveau produit est : 12 Chakchouka
le nouveau produit est : 13 Lentilles cuisinées à l'auvergnate
le nouveau produit est : 14 Haricots beurre
le nouveau produit est : 15 Quenelles de volaille sauce forestière
le nouveau produit est : 16 Yakisoba Bowl Yakitori 84G
le nouveau produit est : 17 Cassoulet toulousain à la graisse d'oie
le nouveau produit est : 18 Quenelles de Veau Sauce Financière
le nouveau produit est : 19 Choucroute garnie
...............................
le nouveau produit est : 1 Allumettes de poulet fumé Halal
le nouveau produit est : 2 Dés de poulet Halal
le nouveau produit est : 3 Filet de poulet rôti - 10 tr.
le nouveau produit est : 4 Filet de poulet rôti - 100% filet*-6 tranches épaisses
le nouveau produit est : 5 Filet de poulet rôti -100% filet*- 4 tranches épaisses
le nouveau produit est : 6 Blanc de poulet aux fines herbes - 4 tranches fines
le nouveau produit est : 7 Blanc de poulet  -25% de sel* - 100% filet** - 4tr
le nouveau produit est : 8 Filet de poulet rôti Halal - 6 tranches épaisses
le nouveau produit est : 9 Blanc de Poulet  Halal - 25% de sel*  - 6 tranches fines
le nouveau produit est : 10 Filet de poulet grillé mariné aux épices douces
le nouveau produit est : 11 Blanc de poulet Halal - 10 tranches Fines
le nouveau produit est : 12 Blanc de poulet  - 25% de sel* - 100% filet** - 6 tranches fines
le nouveau produit est : 13 Blanc de poulet fumé - 6 tranches fines
le nouveau produit est : 14 Blanc de Poulet rôti à la broche - 6 tranches fines
le nouveau produit est : 15 Blanc de Poulet rôti à la broche - 4 tranches fines
le nouveau produit est : 16 Blanc de poulet doré au four - 6 tranches fines
le nouveau produit est : 17 Blanc de poulet doré au four - 4 tr
le nouveau produit est : 18 Blanc de poulet doré au four - 2 tranches
le nouveau produit est : 19 Filet de poulet  rôti - 25% de Sel* - 4 tranches épaisses
...............................
le nouveau produit est : 1 Huile vierge de noisette
le nouveau produit est : 2 Huile d’olive vierge extra
le nouveau produit est : 3 Huile d'olive vierge extra
le nouveau produit est : 4 Huile vierge de Colza
le nouveau produit est : 5 Huile De Pépins De Raisin
le nouveau produit est : 6 Huile d'olive vierge extra 125ème Anniv 50 CL
le nouveau produit est : 7 Huile D'olive Vierge Extra (500 ML)
le nouveau produit est : 8 Huile d'olive extra vierge
le nouveau produit est : 9 Kokosöl nativ
le nouveau produit est : 10 Oued Souss Huile D'olive Vierge
le nouveau produit est : 11 Huile de lin
le nouveau produit est : 12 Huile de colza vierge
le nouveau produit est : 13 Huile d'olive au jus de truffe
le nouveau produit est : 14 Huile D'olive Extra Vierge 100% Italie
le nouveau produit est : 15 Huile de pépins de raisin
le nouveau produit est : 16 Olio extra vergine di oliva
le nouveau produit est : 17 Huile De Tournesol vierge
le nouveau produit est : 18 Huile d'olive vierge extra
le nouveau produit est : 19 Bouton D Or Huile Mais
...............................
le nouveau produit est : 1 Baguette de tradition française
le nouveau produit est : 2 Baguette au beurre et aux fines herbes
le nouveau produit est : 3 Baguette bio
le nouveau produit est : 4 Baguette
le nouveau produit est : 5 French baguette
le nouveau produit est : 6 Bague aux céréales
le nouveau produit est : 7 Baguettes Précuites de Campagne
le nouveau produit est : 8 Mini Baguettes
le nouveau produit est : 9 Garlic Baguette
le nouveau produit est : 10 Baguette
le nouveau produit est : 11 Baguette Tradition Française
le nouveau produit est : 12 Baguette
le nouveau produit est : 13 Baguette
le nouveau produit est : 14 Baguette de campagne, Sélection U, 1 pièce
le nouveau produit est : 15 Baguette aux graines BIO
le nouveau produit est : 16 Pain noix et noisettes
le nouveau produit est : 17 Baguette de campagne
le nouveau produit est : 18 La Millavoise aux 6 graines
le nouveau produit est : 19 Baguette graines 250g
...............................
le nouveau produit est : 1 Yogur natural edulcorado
le nouveau produit est : 2 Edición 1919 yogur cremoso natural
le nouveau produit est : 3 Yogur natural azucarado
le nouveau produit est : 4 Vitalinea yogur natural desnatado
le nouveau produit est : 5 Yogurt Natural con Azúcar de caña
le nouveau produit est : 6 Yogur Natural BIO
le nouveau produit est : 7 Yogur desnatado
le nouveau produit est : 8 Yoghurt tradicional ecologico plátano
le nouveau produit est : 9 Yogur desnatado de oveja
le nouveau produit est : 10 Yogur de Cabra Ecologico
le nouveau produit est : 11 Yogur tradicional desnatado
le nouveau produit est : 12 Yogur líquido natural desnatado
le nouveau produit est : 13 Sveltesse natural
le nouveau produit est : 14 Mi primer Danone natural
le nouveau produit est : 15 Danone Vitalinea Natural Edulcorado
le nouveau produit est : 16 Yogur natural desnatado m.g. sin gluten
le nouveau produit est : 17 Vitalinea yogur cremoso natural edulcorado
le nouveau produit est : 18 
le nouveau produit est : 19 Yogurt Danone Natural
...............................
le nouveau produit est : 1 Teigwaren Hausmachernuddeln
le nouveau produit est : 2 Lasagne all'uovo
le nouveau produit est : 3 Fettuccini Aux œufs frais
le nouveau produit est : 4 Girasole champignon et truffe blanche
le nouveau produit est : 5 Pâtes aux œufs frais, Spaghetti (Pâtes d'Alsace)
le nouveau produit est : 6 Zahner Gourmet Kraeuterspaetzle
le nouveau produit est : 7 Mini-coquillages, pâtes aromatisées
le nouveau produit est : 8 pâtes aux oeufs frais
le nouveau produit est : 9 Pâtes d'Alsace Spaetzle
le nouveau produit est : 10 Spaetzle pâtes d'Alsace
le nouveau produit est : 11 Spaetzle aux oeufs frais
le nouveau produit est : 12 Spaetzle aux Œufs Frais prêt à poêler
le nouveau produit est : 13 Étoile avec farce a la truffe d été
le nouveau produit est : 14 Pâtes d'Alsace Torsades (7 Œufs Frais par kilo de semoule)
le nouveau produit est : 15 Pâtes d Alsace IGP
le nouveau produit est : 16 Mini Coques
le nouveau produit est : 17 Lasagne all'uovo
le nouveau produit est : 18 Tagliatelles fraiches bio
le nouveau produit est : 19 Pâtes d'Alsace Spaetzle (7 Œufs Frais par kilo de semoule)
...............................
le nouveau produit est : 1 10 Croissants
le nouveau produit est : 2 Double max croissant with cocoa and vanilla
le nouveau produit est : 3 Pain chocolat et croissants
le nouveau produit est : 4 La Bella Easo Croissants Cereale240g
le nouveau produit est : 5 Assortiments Pians au chocolat & Croissants
le nouveau produit est : 6 Croissants Rellenos de crema de cacao y avellanas
le nouveau produit est : 7 Croissants pur beurre X4
le nouveau produit est : 8 Croissants relleno de cacao nevado
le nouveau produit est : 9 Croissants B'vegan
le nouveau produit est : 10 Croissants 3 Meuniers
le nouveau produit est : 11 Croissant beurre par 6
le nouveau produit est : 12 6 croissants
le nouveau produit est : 13 Croissants pur beurre bio
le nouveau produit est : 14 Croissant PB X 2
le nouveau produit est : 15 Croissants (x 4)
le nouveau produit est : 16 Croissants et pain au chocolats
le nouveau produit est : 17 Croissant au beurre
le nouveau produit est : 18 Croissants margarine
le nouveau produit est : 19 Bauli Croissant Classico GR. 240
...............................
le nouveau produit est : 1 Cornflakes
le nouveau produit est : 2 Corn flakes nature
le nouveau produit est : 3 Corn flakes glacés bio
le nouveau produit est : 4 Muesli au lait
le nouveau produit est : 5 Sugar Flakes
le nouveau produit est : 6 Country Crisp chocolat noir
le nouveau produit est : 7 Kellogg's Extra
le nouveau produit est : 8 Croustillant chocolat
le nouveau produit est : 9 My Müsli Blaubeer
le nouveau produit est : 10 Epicerie / Céréales, Graines, Pâtes, Riz / Flocons De Céréales
le nouveau produit est : 11 Special muesli
le nouveau produit est : 12 Muesli bio noix & graines
le nouveau produit est : 13 Granola chocolat bio
le nouveau produit est : 14 Original Swiss Style Muesli
le nouveau produit est : 15 quater oats
le nouveau produit est : 16 Corn Flakes
le nouveau produit est : 17 Mon granola bio chocolat
le nouveau produit est : 18 Muesli aux fruits
le nouveau produit est : 19 
...............................
...............................
le nouveau produit est : 1 Zanzibar
le nouveau produit est : 2 Filets de Thon blanc (Germon) à l'huile d'olive
le nouveau produit est : 3 Bonito del Norte en aceite de oliva virgen extra
le nouveau produit est : 4 Thon Bonito a L'huile
le nouveau produit est : 5 Ventresca de Bonito del norte en aceite de oliva
le nouveau produit est : 6 Thon blanc germon
le nouveau produit est : 7 Thon Blanc
le nouveau produit est : 8 Thon blanc à l'huile d'olive
le nouveau produit est : 9 Filets thon blc à l'huile olive vierge extra
le nouveau produit est : 10 Thon Blanc Germon à L'huile D'olive
le nouveau produit est : 11 Thon blanc 155g
le nouveau produit est : 12 Axoa de thon blanc
le nouveau produit est : 13 Bonito del norte bajo en sal
le nouveau produit est : 14 Thon rose (à l’eau salée)
le nouveau produit est : 15 Thon blanc huile olive
le nouveau produit est : 16 Bonito del norte en aceite de oliva
le nouveau produit est : 17 Thon blanc germon huile d olive ail
le nouveau produit est : 18 Thon blanc pêché a la ligne au naturel
le nouveau produit est : 19 Mousse de thon blanc au basilic
